{"/home/travis/build/npmtest/node-npmtest-sendmail/test.js":{"path":"/home/travis/build/npmtest/node-npmtest-sendmail/test.js","s":{"1":2,"2":2,"3":2,"4":2,"5":2,"6":2,"7":2,"8":1,"9":2,"10":2,"11":1,"12":1,"13":1,"14":1,"15":2,"16":2,"17":2,"18":2,"19":1,"20":1,"21":2,"22":2,"23":2,"24":1,"25":1,"26":1,"27":1,"28":1,"29":1,"30":1,"31":1,"32":1,"33":1,"34":1,"35":1,"36":1,"37":1,"38":1,"39":2,"40":2,"41":1,"42":2,"43":2,"44":1,"45":2,"46":2,"47":1,"48":2,"49":2,"50":1,"51":1,"52":1,"53":1,"54":1},"b":{"1":[2,1,1,1],"2":[1,1,1,1],"3":[1,1],"4":[1,1],"5":[1,1],"6":[1,1],"7":[1,1],"8":[1,1],"9":[1,1],"10":[1,1,1],"11":[1,1],"12":[1,1],"13":[1,1],"14":[1,1],"15":[1,1],"16":[1,1],"17":[1,1]},"f":{"1":2,"2":2,"3":2,"4":2,"5":2,"6":1,"7":1,"8":1,"9":2,"10":2,"11":2,"12":2,"13":1},"fnMap":{"1":{"name":"(anonymous_1)","line":12,"loc":{"start":{"line":12,"column":1},"end":{"line":12,"column":13}}},"2":{"name":"(anonymous_2)","line":19,"loc":{"start":{"line":19,"column":5},"end":{"line":19,"column":17}}},"3":{"name":"(anonymous_3)","line":23,"loc":{"start":{"line":23,"column":24},"end":{"line":23,"column":36}}},"4":{"name":"(anonymous_4)","line":61,"loc":{"start":{"line":61,"column":5},"end":{"line":61,"column":17}}},"5":{"name":"(anonymous_5)","line":82,"loc":{"start":{"line":82,"column":5},"end":{"line":82,"column":17}}},"6":{"name":"(anonymous_6)","line":91,"loc":{"start":{"line":91,"column":77},"end":{"line":94,"column":10}}},"7":{"name":"(anonymous_7)","line":112,"loc":{"start":{"line":112,"column":83},"end":{"line":115,"column":10}},"skip":true},"8":{"name":"(anonymous_8)","line":123,"loc":{"start":{"line":123,"column":77},"end":{"line":126,"column":10}},"skip":true},"9":{"name":"(anonymous_9)","line":139,"loc":{"start":{"line":139,"column":12},"end":{"line":139,"column":40}},"skip":true},"10":{"name":"(anonymous_10)","line":147,"loc":{"start":{"line":147,"column":77},"end":{"line":150,"column":10}},"skip":true},"11":{"name":"(anonymous_11)","line":158,"loc":{"start":{"line":158,"column":83},"end":{"line":161,"column":10}},"skip":true},"12":{"name":"(anonymous_12)","line":169,"loc":{"start":{"line":169,"column":79},"end":{"line":172,"column":10}},"skip":true},"13":{"name":"(anonymous_13)","line":180,"loc":{"start":{"line":180,"column":75},"end":{"line":183,"column":10}},"skip":true}},"statementMap":{"1":{"start":{"line":12,"column":0},"end":{"line":195,"column":5}},"2":{"start":{"line":14,"column":4},"end":{"line":14,"column":14}},"3":{"start":{"line":19,"column":4},"end":{"line":56,"column":9}},"4":{"start":{"line":21,"column":8},"end":{"line":21,"column":19}},"5":{"start":{"line":23,"column":8},"end":{"line":35,"column":13}},"6":{"start":{"line":24,"column":12},"end":{"line":34,"column":13}},"7":{"start":{"line":25,"column":16},"end":{"line":28,"column":30}},"8":{"start":{"line":30,"column":16},"end":{"line":33,"column":27}},"9":{"start":{"line":37,"column":8},"end":{"line":39,"column":21}},"10":{"start":{"line":40,"column":8},"end":{"line":53,"column":9}},"11":{"start":{"line":43,"column":12},"end":{"line":46,"column":14}},"12":{"start":{"line":47,"column":12},"end":{"line":47,"column":18}},"13":{"start":{"line":50,"column":12},"end":{"line":51,"column":33}},"14":{"start":{"line":52,"column":12},"end":{"line":52,"column":18}},"15":{"start":{"line":55,"column":8},"end":{"line":55,"column":35}},"16":{"start":{"line":61,"column":4},"end":{"line":63,"column":9}},"17":{"start":{"line":62,"column":8},"end":{"line":62,"column":15}},"18":{"start":{"line":64,"column":4},"end":{"line":77,"column":5}},"19":{"start":{"line":70,"column":8},"end":{"line":70,"column":14}},"20":{"start":{"line":76,"column":8},"end":{"line":76,"column":14}},"21":{"start":{"line":82,"column":4},"end":{"line":84,"column":9}},"22":{"start":{"line":83,"column":8},"end":{"line":83,"column":15}},"23":{"start":{"line":85,"column":4},"end":{"line":194,"column":5}},"24":{"start":{"line":91,"column":8},"end":{"line":99,"column":10}},"25":{"start":{"line":98,"column":12},"end":{"line":98,"column":35}},"26":{"start":{"line":102,"column":8},"end":{"line":104,"column":63}},"27":{"start":{"line":105,"column":8},"end":{"line":105,"column":14}},"28":{"start":{"line":112,"column":8},"end":{"line":121,"column":10},"skip":true},"29":{"start":{"line":119,"column":12},"end":{"line":119,"column":55},"skip":true},"30":{"start":{"line":120,"column":12},"end":{"line":120,"column":48},"skip":true},"31":{"start":{"line":123,"column":8},"end":{"line":136,"column":10},"skip":true},"32":{"start":{"line":130,"column":12},"end":{"line":130,"column":76},"skip":true},"33":{"start":{"line":131,"column":12},"end":{"line":131,"column":73},"skip":true},"34":{"start":{"line":132,"column":12},"end":{"line":132,"column":74},"skip":true},"35":{"start":{"line":133,"column":12},"end":{"line":133,"column":79},"skip":true},"36":{"start":{"line":134,"column":12},"end":{"line":134,"column":25},"skip":true},"37":{"start":{"line":135,"column":12},"end":{"line":135,"column":45},"skip":true},"38":{"start":{"line":138,"column":8},"end":{"line":145,"column":14},"skip":true},"39":{"start":{"line":143,"column":16},"end":{"line":143,"column":29},"skip":true},"40":{"start":{"line":144,"column":16},"end":{"line":144,"column":55},"skip":true},"41":{"start":{"line":147,"column":8},"end":{"line":156,"column":10},"skip":true},"42":{"start":{"line":154,"column":12},"end":{"line":154,"column":25},"skip":true},"43":{"start":{"line":155,"column":12},"end":{"line":155,"column":45},"skip":true},"44":{"start":{"line":158,"column":8},"end":{"line":167,"column":10},"skip":true},"45":{"start":{"line":165,"column":12},"end":{"line":165,"column":25},"skip":true},"46":{"start":{"line":166,"column":12},"end":{"line":166,"column":48},"skip":true},"47":{"start":{"line":169,"column":8},"end":{"line":178,"column":10},"skip":true},"48":{"start":{"line":176,"column":12},"end":{"line":176,"column":25},"skip":true},"49":{"start":{"line":177,"column":12},"end":{"line":177,"column":46},"skip":true},"50":{"start":{"line":180,"column":8},"end":{"line":189,"column":10},"skip":true},"51":{"start":{"line":187,"column":12},"end":{"line":187,"column":94},"skip":true},"52":{"start":{"line":188,"column":12},"end":{"line":188,"column":48},"skip":true},"53":{"start":{"line":192,"column":8},"end":{"line":192,"column":35},"skip":true},"54":{"start":{"line":193,"column":8},"end":{"line":193,"column":14},"skip":true}},"branchMap":{"1":{"line":25,"type":"binary-expr","locations":[{"start":{"line":25,"column":23},"end":{"line":25,"column":62}},{"start":{"line":26,"column":20},"end":{"line":26,"column":70}},{"start":{"line":27,"column":20},"end":{"line":27,"column":71}},{"start":{"line":28,"column":20},"end":{"line":28,"column":29}}]},"2":{"line":30,"type":"binary-expr","locations":[{"start":{"line":30,"column":23},"end":{"line":30,"column":37}},{"start":{"line":31,"column":20},"end":{"line":31,"column":61}},{"start":{"line":32,"column":20},"end":{"line":32,"column":70}},{"start":{"line":33,"column":20},"end":{"line":33,"column":26}}]},"3":{"line":37,"type":"cond-expr","locations":[{"start":{"line":38,"column":14},"end":{"line":38,"column":20}},{"start":{"line":39,"column":14},"end":{"line":39,"column":20}}]},"4":{"line":40,"type":"switch","locations":[{"start":{"line":42,"column":8},"end":{"line":47,"column":18}},{"start":{"line":49,"column":8},"end":{"line":52,"column":18}}]},"5":{"line":44,"type":"binary-expr","locations":[{"start":{"line":44,"column":16},"end":{"line":44,"column":44}},{"start":{"line":44,"column":48},"end":{"line":44,"column":66}}]},"6":{"line":50,"type":"binary-expr","locations":[{"start":{"line":50,"column":21},"end":{"line":50,"column":49}},{"start":{"line":50,"column":53},"end":{"line":50,"column":72}}]},"7":{"line":64,"type":"switch","locations":[{"start":{"line":69,"column":4},"end":{"line":70,"column":14}},{"start":{"line":75,"column":4},"end":{"line":76,"column":14}}]},"8":{"line":85,"type":"switch","locations":[{"start":{"line":90,"column":4},"end":{"line":105,"column":14}},{"start":{"line":111,"column":4},"end":{"line":193,"column":14},"skip":true}]},"9":{"line":91,"type":"binary-expr","locations":[{"start":{"line":91,"column":42},"end":{"line":91,"column":73}},{"start":{"line":91,"column":77},"end":{"line":99,"column":9}}]},"10":{"line":102,"type":"binary-expr","locations":[{"start":{"line":102,"column":18},"end":{"line":102,"column":32}},{"start":{"line":103,"column":12},"end":{"line":103,"column":53}},{"start":{"line":104,"column":12},"end":{"line":104,"column":61}}]},"11":{"line":112,"type":"binary-expr","locations":[{"start":{"line":112,"column":45},"end":{"line":112,"column":79},"skip":true},{"start":{"line":112,"column":83},"end":{"line":121,"column":9},"skip":true}]},"12":{"line":123,"type":"binary-expr","locations":[{"start":{"line":123,"column":42},"end":{"line":123,"column":73},"skip":true},{"start":{"line":123,"column":77},"end":{"line":136,"column":9},"skip":true}]},"13":{"line":138,"type":"binary-expr","locations":[{"start":{"line":138,"column":48},"end":{"line":138,"column":85},"skip":true},{"start":{"line":139,"column":12},"end":{"line":145,"column":13},"skip":true}]},"14":{"line":147,"type":"binary-expr","locations":[{"start":{"line":147,"column":42},"end":{"line":147,"column":73},"skip":true},{"start":{"line":147,"column":77},"end":{"line":156,"column":9},"skip":true}]},"15":{"line":158,"type":"binary-expr","locations":[{"start":{"line":158,"column":45},"end":{"line":158,"column":79},"skip":true},{"start":{"line":158,"column":83},"end":{"line":167,"column":9},"skip":true}]},"16":{"line":169,"type":"binary-expr","locations":[{"start":{"line":169,"column":43},"end":{"line":169,"column":75},"skip":true},{"start":{"line":169,"column":79},"end":{"line":178,"column":9},"skip":true}]},"17":{"line":180,"type":"binary-expr","locations":[{"start":{"line":180,"column":41},"end":{"line":180,"column":71},"skip":true},{"start":{"line":180,"column":75},"end":{"line":189,"column":9},"skip":true}]}},"code":["/* istanbul instrument in package npmtest_sendmail */","/*jslint","    bitwise: true,","    browser: true,","    maxerr: 8,","    maxlen: 96,","    node: true,","    nomen: true,","    regexp: true,","    stupid: true","*/","(function () {","    'use strict';","    var local;","","","","    // run shared js-env code - init-before","    (function () {","        // init local","        local = {};","        // init modeJs","        local.modeJs = (function () {","            try {","                return typeof navigator.userAgent === 'string' &&","                    typeof document.querySelector('body') === 'object' &&","                    typeof XMLHttpRequest.prototype.open === 'function' &&","                    'browser';","            } catch (errorCaughtBrowser) {","                return module.exports &&","                    typeof process.versions.node === 'string' &&","                    typeof require('http').createServer === 'function' &&","                    'node';","            }","        }());","        // init global","        local.global = local.modeJs === 'browser'","            ? window","            : global;","        switch (local.modeJs) {","        // re-init local from window.local","        case 'browser':","            local = local.global.utility2.objectSetDefault(","                local.global.utility2_rollup || local.global.local,","                local.global.utility2","            );","            break;","        // re-init local from example.js","        case 'node':","            local = (local.global.utility2_rollup || require('utility2'))","                .requireReadme();","            break;","        }","        // export local","        local.global.local = local;","    }());","","","","    // run shared js-env code - function","    (function () {","        return;","    }());","    switch (local.modeJs) {","","","","    // run browser js-env code - function","    case 'browser':","        break;","","","","    // run node js-env code - function","    case 'node':","        break;","    }","","","","    // run shared js-env code - init-after","    (function () {","        return;","    }());","    switch (local.modeJs) {","","","","    // run browser js-env code - init-after","    case 'browser':","        local.testCase_browser_nullCase = local.testCase_browser_nullCase || function (","            options,","            onError","        ) {","        /*","         * this function will test browsers's null-case handling-behavior-behavior","         */","            onError(null, options);","        };","","        // run tests","        local.nop(local.modeTest &&","            document.querySelector('#testRunButton1') &&","            document.querySelector('#testRunButton1').click());","        break;","","","","    // run node js-env code - init-after","    /* istanbul ignore next */","    case 'node':","        local.testCase_buildApidoc_default = local.testCase_buildApidoc_default || function (","            options,","            onError","        ) {","        /*","         * this function will test buildApidoc's default handling-behavior-behavior","         */","            options = { modulePathList: module.paths };","            local.buildApidoc(options, onError);","        };","","        local.testCase_buildApp_default = local.testCase_buildApp_default || function (","            options,","            onError","        ) {","        /*","         * this function will test buildApp's default handling-behavior-behavior","         */","            local.testCase_buildReadme_default(options, local.onErrorThrow);","            local.testCase_buildLib_default(options, local.onErrorThrow);","            local.testCase_buildTest_default(options, local.onErrorThrow);","            local.testCase_buildCustomOrg_default(options, local.onErrorThrow);","            options = [];","            local.buildApp(options, onError);","        };","","        local.testCase_buildCustomOrg_default = local.testCase_buildCustomOrg_default ||","            function (options, onError) {","            /*","             * this function will test buildCustomOrg's default handling-behavior","             */","                options = {};","                local.buildCustomOrg(options, onError);","            };","","        local.testCase_buildLib_default = local.testCase_buildLib_default || function (","            options,","            onError","        ) {","        /*","         * this function will test buildLib's default handling-behavior","         */","            options = {};","            local.buildLib(options, onError);","        };","","        local.testCase_buildReadme_default = local.testCase_buildReadme_default || function (","            options,","            onError","        ) {","        /*","         * this function will test buildReadme's default handling-behavior-behavior","         */","            options = {};","            local.buildReadme(options, onError);","        };","","        local.testCase_buildTest_default = local.testCase_buildTest_default || function (","            options,","            onError","        ) {","        /*","         * this function will test buildTest's default handling-behavior","         */","            options = {};","            local.buildTest(options, onError);","        };","","        local.testCase_webpage_default = local.testCase_webpage_default || function (","            options,","            onError","        ) {","        /*","         * this function will test webpage's default handling-behavior","         */","            options = { modeCoverageMerge: true, url: local.serverLocalHost + '?modeTest=1' };","            local.browserTest(options, onError);","        };","","        // run test-server","        local.testRunServer(local);","        break;","    }","}());",""],"l":{"12":2,"14":2,"19":2,"21":2,"23":2,"24":2,"25":2,"30":1,"37":2,"40":2,"43":1,"47":1,"50":1,"52":1,"55":2,"61":2,"62":2,"64":2,"70":1,"76":1,"82":2,"83":2,"85":2,"91":1,"98":1,"102":1,"105":1,"112":1,"119":1,"120":1,"123":1,"130":1,"131":1,"132":1,"133":1,"134":1,"135":1,"138":1,"143":2,"144":2,"147":1,"154":2,"155":2,"158":1,"165":2,"166":2,"169":1,"176":2,"177":2,"180":1,"187":1,"188":1,"192":1,"193":1}},"/home/travis/build/npmtest/node-npmtest-sendmail/lib.npmtest_sendmail.js":{"path":"/home/travis/build/npmtest/node-npmtest-sendmail/lib.npmtest_sendmail.js","s":{"1":2,"2":2,"3":2,"4":2,"5":2,"6":2,"7":2,"8":1,"9":2,"10":2,"11":2,"12":2,"13":1,"14":1,"15":1,"16":1},"b":{"1":[2,1,1,1],"2":[1,1,1,1],"3":[1,1],"4":[2,2],"5":[1,1]},"f":{"1":2,"2":2,"3":2},"fnMap":{"1":{"name":"(anonymous_1)","line":12,"loc":{"start":{"line":12,"column":1},"end":{"line":12,"column":13}}},"2":{"name":"(anonymous_2)","line":19,"loc":{"start":{"line":19,"column":5},"end":{"line":19,"column":17}}},"3":{"name":"(anonymous_3)","line":23,"loc":{"start":{"line":23,"column":24},"end":{"line":23,"column":36}}}},"statementMap":{"1":{"start":{"line":12,"column":0},"end":{"line":53,"column":5}},"2":{"start":{"line":14,"column":4},"end":{"line":14,"column":14}},"3":{"start":{"line":19,"column":4},"end":{"line":52,"column":9}},"4":{"start":{"line":21,"column":8},"end":{"line":21,"column":19}},"5":{"start":{"line":23,"column":8},"end":{"line":35,"column":13}},"6":{"start":{"line":24,"column":12},"end":{"line":34,"column":13}},"7":{"start":{"line":25,"column":16},"end":{"line":28,"column":30}},"8":{"start":{"line":30,"column":16},"end":{"line":33,"column":27}},"9":{"start":{"line":37,"column":8},"end":{"line":39,"column":21}},"10":{"start":{"line":41,"column":8},"end":{"line":41,"column":54}},"11":{"start":{"line":43,"column":8},"end":{"line":43,"column":53}},"12":{"start":{"line":45,"column":8},"end":{"line":51,"column":9}},"13":{"start":{"line":46,"column":12},"end":{"line":46,"column":59}},"14":{"start":{"line":48,"column":12},"end":{"line":48,"column":35}},"15":{"start":{"line":49,"column":12},"end":{"line":49,"column":49}},"16":{"start":{"line":50,"column":12},"end":{"line":50,"column":43}}},"branchMap":{"1":{"line":25,"type":"binary-expr","locations":[{"start":{"line":25,"column":23},"end":{"line":25,"column":62}},{"start":{"line":26,"column":20},"end":{"line":26,"column":70}},{"start":{"line":27,"column":20},"end":{"line":27,"column":71}},{"start":{"line":28,"column":20},"end":{"line":28,"column":29}}]},"2":{"line":30,"type":"binary-expr","locations":[{"start":{"line":30,"column":23},"end":{"line":30,"column":37}},{"start":{"line":31,"column":20},"end":{"line":31,"column":61}},{"start":{"line":32,"column":20},"end":{"line":32,"column":70}},{"start":{"line":33,"column":20},"end":{"line":33,"column":26}}]},"3":{"line":37,"type":"cond-expr","locations":[{"start":{"line":38,"column":14},"end":{"line":38,"column":20}},{"start":{"line":39,"column":14},"end":{"line":39,"column":20}}]},"4":{"line":41,"type":"binary-expr","locations":[{"start":{"line":41,"column":16},"end":{"line":41,"column":44}},{"start":{"line":41,"column":48},"end":{"line":41,"column":53}}]},"5":{"line":45,"type":"if","locations":[{"start":{"line":45,"column":8},"end":{"line":45,"column":8}},{"start":{"line":45,"column":8},"end":{"line":45,"column":8}}]}},"code":["/* istanbul instrument in package npmtest_sendmail */","/*jslint","    bitwise: true,","    browser: true,","    maxerr: 8,","    maxlen: 96,","    node: true,","    nomen: true,","    regexp: true,","    stupid: true","*/","(function () {","    'use strict';","    var local;","","","","    // run shared js-env code - init-before","    (function () {","        // init local","        local = {};","        // init modeJs","        local.modeJs = (function () {","            try {","                return typeof navigator.userAgent === 'string' &&","                    typeof document.querySelector('body') === 'object' &&","                    typeof XMLHttpRequest.prototype.open === 'function' &&","                    'browser';","            } catch (errorCaughtBrowser) {","                return module.exports &&","                    typeof process.versions.node === 'string' &&","                    typeof require('http').createServer === 'function' &&","                    'node';","            }","        }());","        // init global","        local.global = local.modeJs === 'browser'","            ? window","            : global;","        // init utility2_rollup","        local = local.global.utility2_rollup || local;","        // init lib","        local.local = local.npmtest_sendmail = local;","        // init exports","        if (local.modeJs === 'browser') {","            local.global.utility2_npmtest_sendmail = local;","        } else {","            module.exports = local;","            module.exports.__dirname = __dirname;","            module.exports.module = module;","        }","    }());","}());",""],"l":{"12":2,"14":2,"19":2,"21":2,"23":2,"24":2,"25":2,"30":1,"37":2,"41":2,"43":2,"45":2,"46":1,"48":1,"49":1,"50":1}},"/home/travis/build/npmtest/node-npmtest-sendmail/example.js":{"path":"/home/travis/build/npmtest/node-npmtest-sendmail/example.js","s":{"1":2,"2":2,"3":2,"4":2,"5":2,"6":2,"7":2,"8":1,"9":2,"10":2,"11":2,"12":2,"13":1,"14":2,"15":2,"16":2,"17":2,"18":2,"19":0,"20":2,"21":1,"22":1,"23":1,"24":1,"25":1,"26":0,"27":0,"28":1,"29":1,"30":2,"31":0,"32":0,"33":0,"34":1,"35":2,"36":2,"37":3,"38":3,"39":3,"40":3,"41":0,"42":3,"43":3,"44":3,"45":1,"46":3,"47":1,"48":1,"49":1,"50":1,"51":1,"52":1,"53":1,"54":1,"55":1,"56":1,"57":0,"58":1,"59":6,"60":6,"61":1,"62":2,"63":0,"64":2,"65":1,"66":1,"67":0,"68":0,"69":0,"70":0,"71":0,"72":0,"73":0,"74":0,"75":0,"76":0,"77":0,"78":0,"79":0,"80":0,"81":0,"82":0,"83":0},"b":{"1":[2,1,1,1],"2":[1,1,1,1],"3":[1,1],"4":[2,2],"5":[1,1],"6":[1,1],"7":[2,0],"8":[2,1,1,1,1,1],"9":[0,2,0],"10":[1,1],"11":[2,1,1],"12":[1,0],"13":[0,2],"14":[2,0,0,0,0,0,0],"15":[0,3],"16":[3,0],"17":[1,1],"18":[0,1],"19":[1,2,0,2],"20":[1,0],"21":[1,1],"22":[0,0],"23":[0,0],"24":[0,0],"25":[0,0],"26":[0,0],"27":[0,0],"28":[0,0]},"f":{"1":2,"2":2,"3":2,"4":2,"5":2,"6":2,"7":3,"8":3,"9":3,"10":1,"11":6,"12":0},"fnMap":{"1":{"name":"(anonymous_1)","line":26,"loc":{"start":{"line":26,"column":1},"end":{"line":26,"column":13}}},"2":{"name":"(anonymous_2)","line":33,"loc":{"start":{"line":33,"column":5},"end":{"line":33,"column":17}}},"3":{"name":"(anonymous_3)","line":37,"loc":{"start":{"line":37,"column":24},"end":{"line":37,"column":36}}},"4":{"name":"(anonymous_4)","line":69,"loc":{"start":{"line":69,"column":31},"end":{"line":69,"column":48}},"skip":true},"5":{"name":"(anonymous_5)","line":78,"loc":{"start":{"line":78,"column":26},"end":{"line":78,"column":45}},"skip":true},"6":{"name":"(anonymous_6)","line":123,"loc":{"start":{"line":123,"column":33},"end":{"line":123,"column":48}},"skip":true},"7":{"name":"(anonymous_7)","line":125,"loc":{"start":{"line":125,"column":27},"end":{"line":125,"column":39}},"skip":true},"8":{"name":"(anonymous_8)","line":133,"loc":{"start":{"line":133,"column":59},"end":{"line":133,"column":74}},"skip":true},"9":{"name":"(anonymous_9)","line":143,"loc":{"start":{"line":143,"column":45},"end":{"line":143,"column":62}},"skip":true},"10":{"name":"(anonymous_10)","line":144,"loc":{"start":{"line":144,"column":73},"end":{"line":144,"column":92}},"skip":true},"11":{"name":"(anonymous_11)","line":272,"loc":{"start":{"line":272,"column":51},"end":{"line":272,"column":77}},"skip":true},"12":{"name":"(anonymous_12)","line":315,"loc":{"start":{"line":315,"column":32},"end":{"line":315,"column":61}},"skip":true}},"statementMap":{"1":{"start":{"line":26,"column":0},"end":{"line":326,"column":5}},"2":{"start":{"line":28,"column":4},"end":{"line":28,"column":14}},"3":{"start":{"line":33,"column":4},"end":{"line":60,"column":9}},"4":{"start":{"line":35,"column":8},"end":{"line":35,"column":19}},"5":{"start":{"line":37,"column":8},"end":{"line":49,"column":13}},"6":{"start":{"line":38,"column":12},"end":{"line":48,"column":13}},"7":{"start":{"line":39,"column":16},"end":{"line":42,"column":30}},"8":{"start":{"line":44,"column":16},"end":{"line":47,"column":27}},"9":{"start":{"line":51,"column":8},"end":{"line":53,"column":21}},"10":{"start":{"line":55,"column":8},"end":{"line":57,"column":45}},"11":{"start":{"line":59,"column":8},"end":{"line":59,"column":35}},"12":{"start":{"line":61,"column":4},"end":{"line":325,"column":5}},"13":{"start":{"line":69,"column":8},"end":{"line":121,"column":10},"skip":true},"14":{"start":{"line":70,"column":12},"end":{"line":88,"column":13},"skip":true},"15":{"start":{"line":76,"column":16},"end":{"line":87,"column":19},"skip":true},"16":{"start":{"line":79,"column":20},"end":{"line":86,"column":21},"skip":true},"17":{"start":{"line":82,"column":24},"end":{"line":82,"column":43},"skip":true},"18":{"start":{"line":83,"column":24},"end":{"line":83,"column":30},"skip":true},"19":{"start":{"line":85,"column":24},"end":{"line":85,"column":49},"skip":true},"20":{"start":{"line":89,"column":12},"end":{"line":107,"column":13},"skip":true},"21":{"start":{"line":92,"column":16},"end":{"line":102,"column":17},"skip":true},"22":{"start":{"line":93,"column":20},"end":{"line":93,"column":86},"skip":true},"23":{"start":{"line":94,"column":20},"end":{"line":95,"column":45},"skip":true},"24":{"start":{"line":96,"column":20},"end":{"line":96,"column":42},"skip":true},"25":{"start":{"line":97,"column":20},"end":{"line":97,"column":48},"skip":true},"26":{"start":{"line":100,"column":20},"end":{"line":100,"column":85},"skip":true},"27":{"start":{"line":101,"column":20},"end":{"line":101,"column":96},"skip":true},"28":{"start":{"line":103,"column":16},"end":{"line":103,"column":22},"skip":true},"29":{"start":{"line":106,"column":16},"end":{"line":106,"column":22},"skip":true},"30":{"start":{"line":108,"column":12},"end":{"line":120,"column":13},"skip":true},"31":{"start":{"line":114,"column":16},"end":{"line":119,"column":17},"skip":true},"32":{"start":{"line":116,"column":20},"end":{"line":116,"column":78},"skip":true},"33":{"start":{"line":118,"column":20},"end":{"line":118,"column":47},"skip":true},"34":{"start":{"line":123,"column":8},"end":{"line":141,"column":11},"skip":true},"35":{"start":{"line":124,"column":12},"end":{"line":124,"column":54},"skip":true},"36":{"start":{"line":125,"column":12},"end":{"line":140,"column":14},"skip":true},"37":{"start":{"line":126,"column":16},"end":{"line":126,"column":28},"skip":true},"38":{"start":{"line":127,"column":16},"end":{"line":127,"column":69},"skip":true},"39":{"start":{"line":128,"column":16},"end":{"line":128,"column":75},"skip":true},"40":{"start":{"line":129,"column":16},"end":{"line":131,"column":17},"skip":true},"41":{"start":{"line":130,"column":20},"end":{"line":130,"column":27},"skip":true},"42":{"start":{"line":133,"column":16},"end":{"line":137,"column":36},"skip":true},"43":{"start":{"line":134,"column":20},"end":{"line":136,"column":55},"skip":true},"44":{"start":{"line":139,"column":16},"end":{"line":139,"column":57},"skip":true},"45":{"start":{"line":143,"column":8},"end":{"line":147,"column":11},"skip":true},"46":{"start":{"line":144,"column":12},"end":{"line":146,"column":15},"skip":true},"47":{"start":{"line":145,"column":16},"end":{"line":145,"column":70},"skip":true},"48":{"start":{"line":149,"column":8},"end":{"line":149,"column":31},"skip":true},"49":{"start":{"line":150,"column":8},"end":{"line":150,"column":14},"skip":true},"50":{"start":{"line":158,"column":8},"end":{"line":158,"column":31},"skip":true},"51":{"start":{"line":160,"column":8},"end":{"line":160,"column":33},"skip":true},"52":{"start":{"line":161,"column":8},"end":{"line":161,"column":37},"skip":true},"53":{"start":{"line":162,"column":8},"end":{"line":162,"column":35},"skip":true},"54":{"start":{"line":164,"column":8},"end":{"line":164,"column":50},"skip":true},"55":{"start":{"line":166,"column":8},"end":{"line":256,"column":2},"skip":true},"56":{"start":{"line":258,"column":8},"end":{"line":286,"column":9},"skip":true},"57":{"start":{"line":259,"column":12},"end":{"line":269,"column":14},"skip":true},"58":{"start":{"line":271,"column":12},"end":{"line":285,"column":19},"skip":true},"59":{"start":{"line":274,"column":20},"end":{"line":274,"column":35},"skip":true},"60":{"start":{"line":275,"column":20},"end":{"line":284,"column":21},"skip":true},"61":{"start":{"line":277,"column":24},"end":{"line":277,"column":64},"skip":true},"62":{"start":{"line":279,"column":24},"end":{"line":279,"column":40},"skip":true},"63":{"start":{"line":281,"column":24},"end":{"line":281,"column":40},"skip":true},"64":{"start":{"line":283,"column":24},"end":{"line":283,"column":39},"skip":true},"65":{"start":{"line":288,"column":8},"end":{"line":290,"column":9},"skip":true},"66":{"start":{"line":289,"column":12},"end":{"line":289,"column":18},"skip":true},"67":{"start":{"line":291,"column":8},"end":{"line":293,"column":54},"skip":true},"68":{"start":{"line":296,"column":8},"end":{"line":301,"column":37},"skip":true},"69":{"start":{"line":303,"column":8},"end":{"line":303,"column":82},"skip":true},"70":{"start":{"line":306,"column":8},"end":{"line":308,"column":9},"skip":true},"71":{"start":{"line":307,"column":12},"end":{"line":307,"column":82},"skip":true},"72":{"start":{"line":310,"column":8},"end":{"line":312,"column":9},"skip":true},"73":{"start":{"line":311,"column":12},"end":{"line":311,"column":18},"skip":true},"74":{"start":{"line":313,"column":8},"end":{"line":313,"column":54},"skip":true},"75":{"start":{"line":314,"column":8},"end":{"line":314,"column":69},"skip":true},"76":{"start":{"line":315,"column":8},"end":{"line":323,"column":36},"skip":true},"77":{"start":{"line":316,"column":12},"end":{"line":316,"column":61},"skip":true},"78":{"start":{"line":317,"column":12},"end":{"line":320,"column":13},"skip":true},"79":{"start":{"line":318,"column":16},"end":{"line":318,"column":75},"skip":true},"80":{"start":{"line":319,"column":16},"end":{"line":319,"column":23},"skip":true},"81":{"start":{"line":321,"column":12},"end":{"line":321,"column":38},"skip":true},"82":{"start":{"line":322,"column":12},"end":{"line":322,"column":27},"skip":true},"83":{"start":{"line":324,"column":8},"end":{"line":324,"column":14},"skip":true}},"branchMap":{"1":{"line":39,"type":"binary-expr","locations":[{"start":{"line":39,"column":23},"end":{"line":39,"column":62}},{"start":{"line":40,"column":20},"end":{"line":40,"column":70}},{"start":{"line":41,"column":20},"end":{"line":41,"column":71}},{"start":{"line":42,"column":20},"end":{"line":42,"column":29}}]},"2":{"line":44,"type":"binary-expr","locations":[{"start":{"line":44,"column":23},"end":{"line":44,"column":37}},{"start":{"line":45,"column":20},"end":{"line":45,"column":61}},{"start":{"line":46,"column":20},"end":{"line":46,"column":70}},{"start":{"line":47,"column":20},"end":{"line":47,"column":26}}]},"3":{"line":51,"type":"cond-expr","locations":[{"start":{"line":52,"column":14},"end":{"line":52,"column":20}},{"start":{"line":53,"column":14},"end":{"line":53,"column":20}}]},"4":{"line":55,"type":"binary-expr","locations":[{"start":{"line":55,"column":16},"end":{"line":55,"column":44}},{"start":{"line":55,"column":49},"end":{"line":57,"column":43}}]},"5":{"line":55,"type":"cond-expr","locations":[{"start":{"line":56,"column":14},"end":{"line":56,"column":52}},{"start":{"line":57,"column":14},"end":{"line":57,"column":43}}]},"6":{"line":61,"type":"switch","locations":[{"start":{"line":68,"column":4},"end":{"line":150,"column":14},"skip":true},{"start":{"line":156,"column":4},"end":{"line":324,"column":14},"skip":true}]},"7":{"line":70,"type":"if","locations":[{"start":{"line":70,"column":12},"end":{"line":70,"column":12},"skip":true},{"start":{"line":70,"column":12},"end":{"line":70,"column":12},"skip":true}]},"8":{"line":70,"type":"binary-expr","locations":[{"start":{"line":70,"column":16},"end":{"line":70,"column":22},"skip":true},{"start":{"line":70,"column":27},"end":{"line":70,"column":32},"skip":true},{"start":{"line":71,"column":20},"end":{"line":71,"column":39},"skip":true},{"start":{"line":72,"column":20},"end":{"line":72,"column":49},"skip":true},{"start":{"line":73,"column":20},"end":{"line":73,"column":58},"skip":true},{"start":{"line":74,"column":20},"end":{"line":74,"column":69},"skip":true}]},"9":{"line":79,"type":"switch","locations":[{"start":{"line":80,"column":20},"end":{"line":80,"column":33},"skip":true},{"start":{"line":81,"column":20},"end":{"line":83,"column":30},"skip":true},{"start":{"line":84,"column":20},"end":{"line":85,"column":49},"skip":true}]},"10":{"line":89,"type":"switch","locations":[{"start":{"line":90,"column":12},"end":{"line":103,"column":22},"skip":true},{"start":{"line":105,"column":12},"end":{"line":106,"column":22},"skip":true}]},"11":{"line":89,"type":"binary-expr","locations":[{"start":{"line":89,"column":20},"end":{"line":89,"column":25},"skip":true},{"start":{"line":89,"column":29},"end":{"line":89,"column":48},"skip":true},{"start":{"line":89,"column":52},"end":{"line":89,"column":74},"skip":true}]},"12":{"line":92,"type":"if","locations":[{"start":{"line":92,"column":16},"end":{"line":92,"column":16},"skip":true},{"start":{"line":92,"column":16},"end":{"line":92,"column":16},"skip":true}]},"13":{"line":108,"type":"if","locations":[{"start":{"line":108,"column":12},"end":{"line":108,"column":12},"skip":true},{"start":{"line":108,"column":12},"end":{"line":108,"column":12},"skip":true}]},"14":{"line":108,"type":"binary-expr","locations":[{"start":{"line":108,"column":16},"end":{"line":108,"column":61},"skip":true},{"start":{"line":108,"column":66},"end":{"line":108,"column":72},"skip":true},{"start":{"line":108,"column":77},"end":{"line":108,"column":82},"skip":true},{"start":{"line":109,"column":20},"end":{"line":109,"column":39},"skip":true},{"start":{"line":110,"column":20},"end":{"line":110,"column":49},"skip":true},{"start":{"line":111,"column":20},"end":{"line":111,"column":58},"skip":true},{"start":{"line":112,"column":20},"end":{"line":112,"column":68},"skip":true}]},"15":{"line":129,"type":"if","locations":[{"start":{"line":129,"column":16},"end":{"line":129,"column":16},"skip":true},{"start":{"line":129,"column":16},"end":{"line":129,"column":16},"skip":true}]},"16":{"line":134,"type":"cond-expr","locations":[{"start":{"line":135,"column":26},"end":{"line":135,"column":29},"skip":true},{"start":{"line":136,"column":26},"end":{"line":136,"column":54},"skip":true}]},"17":{"line":164,"type":"binary-expr","locations":[{"start":{"line":164,"column":27},"end":{"line":164,"column":43},"skip":true},{"start":{"line":164,"column":47},"end":{"line":164,"column":49},"skip":true}]},"18":{"line":258,"type":"if","locations":[{"start":{"line":258,"column":8},"end":{"line":258,"column":8},"skip":true},{"start":{"line":258,"column":8},"end":{"line":258,"column":8},"skip":true}]},"19":{"line":275,"type":"switch","locations":[{"start":{"line":276,"column":20},"end":{"line":277,"column":64},"skip":true},{"start":{"line":278,"column":20},"end":{"line":279,"column":40},"skip":true},{"start":{"line":280,"column":20},"end":{"line":281,"column":40},"skip":true},{"start":{"line":282,"column":20},"end":{"line":283,"column":39},"skip":true}]},"20":{"line":288,"type":"if","locations":[{"start":{"line":288,"column":8},"end":{"line":288,"column":8},"skip":true},{"start":{"line":288,"column":8},"end":{"line":288,"column":8},"skip":true}]},"21":{"line":288,"type":"binary-expr","locations":[{"start":{"line":288,"column":12},"end":{"line":288,"column":40},"skip":true},{"start":{"line":288,"column":44},"end":{"line":288,"column":67},"skip":true}]},"22":{"line":292,"type":"binary-expr","locations":[{"start":{"line":292,"column":12},"end":{"line":292,"column":50},"skip":true},{"start":{"line":293,"column":12},"end":{"line":293,"column":53},"skip":true}]},"23":{"line":297,"type":"binary-expr","locations":[{"start":{"line":297,"column":12},"end":{"line":297,"column":66},"skip":true},{"start":{"line":298,"column":12},"end":{"line":301,"column":36},"skip":true}]},"24":{"line":303,"type":"binary-expr","locations":[{"start":{"line":303,"column":43},"end":{"line":303,"column":75},"skip":true},{"start":{"line":303,"column":79},"end":{"line":303,"column":81},"skip":true}]},"25":{"line":306,"type":"if","locations":[{"start":{"line":306,"column":8},"end":{"line":306,"column":8},"skip":true},{"start":{"line":306,"column":8},"end":{"line":306,"column":8},"skip":true}]},"26":{"line":310,"type":"if","locations":[{"start":{"line":310,"column":8},"end":{"line":310,"column":8},"skip":true},{"start":{"line":310,"column":8},"end":{"line":310,"column":8},"skip":true}]},"27":{"line":313,"type":"binary-expr","locations":[{"start":{"line":313,"column":27},"end":{"line":313,"column":43},"skip":true},{"start":{"line":313,"column":47},"end":{"line":313,"column":53},"skip":true}]},"28":{"line":317,"type":"if","locations":[{"start":{"line":317,"column":12},"end":{"line":317,"column":12},"skip":true},{"start":{"line":317,"column":12},"end":{"line":317,"column":12},"skip":true}]}},"code":["/*","example.js","","quickstart example","","instruction","    1. save this script as example.js","    2. run the shell command:","        $ npm install npmtest-sendmail && PORT=8081 node example.js","    3. play with the browser-demo on http://127.0.0.1:8081","*/","","","","/* istanbul instrument in package npmtest_sendmail */","/*jslint","    bitwise: true,","    browser: true,","    maxerr: 8,","    maxlen: 96,","    node: true,","    nomen: true,","    regexp: true,","    stupid: true","*/","(function () {","    'use strict';","    var local;","","","","    // run shared js-env code - init-before","    (function () {","        // init local","        local = {};","        // init modeJs","        local.modeJs = (function () {","            try {","                return typeof navigator.userAgent === 'string' &&","                    typeof document.querySelector('body') === 'object' &&","                    typeof XMLHttpRequest.prototype.open === 'function' &&","                    'browser';","            } catch (errorCaughtBrowser) {","                return module.exports &&","                    typeof process.versions.node === 'string' &&","                    typeof require('http').createServer === 'function' &&","                    'node';","            }","        }());","        // init global","        local.global = local.modeJs === 'browser'","            ? window","            : global;","        // init utility2_rollup","        local = local.global.utility2_rollup || (local.modeJs === 'browser'","            ? local.global.utility2_npmtest_sendmail","            : global.utility2_moduleExports);","        // export local","        local.global.local = local;","    }());","    switch (local.modeJs) {","","","","    // init-after","    // run browser js-env code - init-after","    /* istanbul ignore next */","    case 'browser':","        local.testRunBrowser = function (event) {","            if (!event || (event &&","                    event.currentTarget &&","                    event.currentTarget.className &&","                    event.currentTarget.className.includes &&","                    event.currentTarget.className.includes('onreset'))) {","                // reset output","                Array.from(","                    document.querySelectorAll('body > .resettable')","                ).forEach(function (element) {","                    switch (element.tagName) {","                    case 'INPUT':","                    case 'TEXTAREA':","                        element.value = '';","                        break;","                    default:","                        element.textContent = '';","                    }","                });","            }","            switch (event && event.currentTarget && event.currentTarget.id) {","            case 'testRunButton1':","                // show tests","                if (document.querySelector('#testReportDiv1').style.display === 'none') {","                    document.querySelector('#testReportDiv1').style.display = 'block';","                    document.querySelector('#testRunButton1').textContent =","                        'hide internal test';","                    local.modeTest = true;","                    local.testRunDefault(local);","                // hide tests","                } else {","                    document.querySelector('#testReportDiv1').style.display = 'none';","                    document.querySelector('#testRunButton1').textContent = 'run internal test';","                }","                break;","            // custom-case","            default:","                break;","            }","            if (document.querySelector('#inputTextareaEval1') && (!event || (event &&","                    event.currentTarget &&","                    event.currentTarget.className &&","                    event.currentTarget.className.includes &&","                    event.currentTarget.className.includes('oneval')))) {","                // try to eval input-code","                try {","                    /*jslint evil: true*/","                    eval(document.querySelector('#inputTextareaEval1').value);","                } catch (errorCaught) {","                    console.error(errorCaught);","                }","            }","        };","        // log stderr and stdout to #outputTextareaStdout1","        ['error', 'log'].forEach(function (key) {","            console[key + '_original'] = console[key];","            console[key] = function () {","                var element;","                console[key + '_original'].apply(console, arguments);","                element = document.querySelector('#outputTextareaStdout1');","                if (!element) {","                    return;","                }","                // append text to #outputTextareaStdout1","                element.value += Array.from(arguments).map(function (arg) {","                    return typeof arg === 'string'","                        ? arg","                        : JSON.stringify(arg, null, 4);","                }).join(' ') + '\\n';","                // scroll textarea to bottom","                element.scrollTop = element.scrollHeight;","            };","        });","        // init event-handling","        ['change', 'click', 'keyup'].forEach(function (event) {","            Array.from(document.querySelectorAll('.on' + event)).forEach(function (element) {","                element.addEventListener(event, local.testRunBrowser);","            });","        });","        // run tests","        local.testRunBrowser();","        break;","","","","    // run node js-env code - init-after","    /* istanbul ignore next */","    case 'node':","        // export local","        module.exports = local;","        // require modules","        local.fs = require('fs');","        local.http = require('http');","        local.url = require('url');","        // init assets","        local.assetsDict = local.assetsDict || {};","        /* jslint-ignore-begin */","        local.assetsDict['/assets.index.template.html'] = '\\","<!doctype html>\\n\\","<html lang=\"en\">\\n\\","<head>\\n\\","<meta charset=\"UTF-8\">\\n\\","<meta name=\"viewport\" content=\"width=device-width, initial-scale=1\">\\n\\","<title>{{env.npm_package_name}} (v{{env.npm_package_version}})</title>\\n\\","<style>\\n\\","/*csslint\\n\\","    box-sizing: false,\\n\\","    universal-selector: false\\n\\","*/\\n\\","* {\\n\\","    box-sizing: border-box;\\n\\","}\\n\\","body {\\n\\","    background: #dde;\\n\\","    font-family: Arial, Helvetica, sans-serif;\\n\\","    margin: 2rem;\\n\\","}\\n\\","body > * {\\n\\","    margin-bottom: 1rem;\\n\\","}\\n\\",".utility2FooterDiv {\\n\\","    margin-top: 20px;\\n\\","    text-align: center;\\n\\","}\\n\\","</style>\\n\\","<style>\\n\\","/*csslint\\n\\","*/\\n\\","textarea {\\n\\","    font-family: monospace;\\n\\","    height: 10rem;\\n\\","    width: 100%;\\n\\","}\\n\\","textarea[readonly] {\\n\\","    background: #ddd;\\n\\","}\\n\\","</style>\\n\\","</head>\\n\\","<body>\\n\\","<!-- utility2-comment\\n\\","<div id=\"ajaxProgressDiv1\" style=\"background: #d00; height: 2px; left: 0; margin: 0; padding: 0; position: fixed; top: 0; transition: background 0.5s, width 1.5s; width: 25%;\"></div>\\n\\","utility2-comment -->\\n\\","<h1>\\n\\","<!-- utility2-comment\\n\\","    <a\\n\\","        {{#if env.npm_package_homepage}}\\n\\","        href=\"{{env.npm_package_homepage}}\"\\n\\","        {{/if env.npm_package_homepage}}\\n\\","        target=\"_blank\"\\n\\","    >\\n\\","utility2-comment -->\\n\\","        {{env.npm_package_name}} (v{{env.npm_package_version}})\\n\\","<!-- utility2-comment\\n\\","    </a>\\n\\","utility2-comment -->\\n\\","</h1>\\n\\","<h3>{{env.npm_package_description}}</h3>\\n\\","<!-- utility2-comment\\n\\","<h4><a download href=\"assets.app.js\">download standalone app</a></h4>\\n\\","<button class=\"onclick onreset\" id=\"testRunButton1\">run internal test</button><br>\\n\\","<div id=\"testReportDiv1\" style=\"display: none;\"></div>\\n\\","utility2-comment -->\\n\\","\\n\\","\\n\\","\\n\\","<label>stderr and stdout</label>\\n\\","<textarea class=\"resettable\" id=\"outputTextareaStdout1\" readonly></textarea>\\n\\","<!-- utility2-comment\\n\\","{{#if isRollup}}\\n\\","<script src=\"assets.app.js\"></script>\\n\\","{{#unless isRollup}}\\n\\","utility2-comment -->\\n\\","<script src=\"assets.utility2.rollup.js\"></script>\\n\\","<script src=\"jsonp.utility2._stateInit?callback=window.utility2._stateInit\"></script>\\n\\","<script src=\"assets.npmtest_sendmail.rollup.js\"></script>\\n\\","<script src=\"assets.example.js\"></script>\\n\\","<script src=\"assets.test.js\"></script>\\n\\","<!-- utility2-comment\\n\\","{{/if isRollup}}\\n\\","utility2-comment -->\\n\\","<div class=\"utility2FooterDiv\">\\n\\","    [ this app was created with\\n\\","    <a href=\"https://github.com/kaizhu256/node-utility2\" target=\"_blank\">utility2</a>\\n\\","    ]\\n\\","</div>\\n\\","</body>\\n\\","</html>\\n\\","';","        /* jslint-ignore-end */","        if (local.templateRender) {","            local.assetsDict['/'] = local.templateRender(","                local.assetsDict['/assets.index.template.html'],","                {","                    env: local.objectSetDefault(local.env, {","                        npm_package_description: 'the greatest app in the world!',","                        npm_package_name: 'my-app',","                        npm_package_nameAlias: 'my_app',","                        npm_package_version: '0.0.1'","                    })","                }","            );","        } else {","            local.assetsDict['/'] = local.assetsDict['/assets.index.template.html']","                .replace((/\\{\\{env\\.(\\w+?)\\}\\}/g), function (match0, match1) {","                    // jslint-hack","                    String(match0);","                    switch (match1) {","                    case 'npm_package_description':","                        return 'the greatest app in the world!';","                    case 'npm_package_name':","                        return 'my-app';","                    case 'npm_package_nameAlias':","                        return 'my_app';","                    case 'npm_package_version':","                        return '0.0.1';","                    }","                });","        }","        // run the cli","        if (local.global.utility2_rollup || module !== require.main) {","            break;","        }","        local.assetsDict['/assets.example.js'] =","            local.assetsDict['/assets.example.js'] ||","            local.fs.readFileSync(__filename, 'utf8');","        // bug-workaround - long $npm_package_buildCustomOrg","        /* jslint-ignore-begin */","        local.assetsDict['/assets.npmtest_sendmail.rollup.js'] =","            local.assetsDict['/assets.npmtest_sendmail.rollup.js'] ||","            local.fs.readFileSync(","                local.npmtest_sendmail.__dirname + '/lib.npmtest_sendmail.js',","                'utf8'","            ).replace((/^#!/), '//');","        /* jslint-ignore-end */","        local.assetsDict['/favicon.ico'] = local.assetsDict['/favicon.ico'] || '';","        // if $npm_config_timeout_exit exists,","        // then exit this process after $npm_config_timeout_exit ms","        if (Number(process.env.npm_config_timeout_exit)) {","            setTimeout(process.exit, Number(process.env.npm_config_timeout_exit));","        }","        // start server","        if (local.global.utility2_serverHttp1) {","            break;","        }","        process.env.PORT = process.env.PORT || '8081';","        console.error('server starting on port ' + process.env.PORT);","        local.http.createServer(function (request, response) {","            request.urlParsed = local.url.parse(request.url);","            if (local.assetsDict[request.urlParsed.pathname] !== undefined) {","                response.end(local.assetsDict[request.urlParsed.pathname]);","                return;","            }","            response.statusCode = 404;","            response.end();","        }).listen(process.env.PORT);","        break;","    }","}());",""],"l":{"26":2,"28":2,"33":2,"35":2,"37":2,"38":2,"39":2,"44":1,"51":2,"55":2,"59":2,"61":2,"69":1,"70":2,"76":2,"79":2,"82":2,"83":2,"85":1,"89":2,"92":1,"93":1,"94":1,"96":1,"97":1,"100":1,"101":1,"103":1,"106":1,"108":2,"114":1,"116":1,"118":1,"123":1,"124":2,"125":2,"126":3,"127":3,"128":3,"129":3,"130":1,"133":3,"134":3,"139":3,"143":1,"144":3,"145":1,"149":1,"150":1,"158":1,"160":1,"161":1,"162":1,"164":1,"166":1,"258":1,"259":1,"271":1,"274":6,"275":6,"277":1,"279":2,"281":1,"283":2,"288":1,"289":1,"291":1,"296":1,"303":1,"306":1,"307":1,"310":1,"311":1,"313":1,"314":1,"315":1,"316":1,"317":1,"318":1,"319":1,"321":1,"322":1,"324":1}},"/home/travis/build/npmtest/node-npmtest-sendmail/node_modules/sendmail/sendmail.js":{"path":"/home/travis/build/npmtest/node-npmtest-sendmail/node_modules/sendmail/sendmail.js","s":{"1":1,"2":1,"3":1,"4":1,"5":1,"6":1,"7":0,"8":0,"9":0,"10":0,"11":0,"12":1,"13":0,"14":0,"15":1,"16":0,"17":0,"18":0,"19":0,"20":0,"21":0,"22":0,"23":1,"24":0,"25":0,"26":0,"27":0,"28":0,"29":0,"30":0,"31":0,"32":0,"33":1,"34":0,"35":0,"36":0,"37":0,"38":0,"39":0,"40":0,"41":0,"42":0,"43":0,"44":0,"45":0,"46":0,"47":0,"48":0,"49":0,"50":0,"51":0,"52":1,"53":0,"54":0,"55":0,"56":0,"57":0,"58":1,"59":0,"60":0,"61":0,"62":0,"63":0,"64":0,"65":0,"66":0,"67":0,"68":0,"69":0,"70":0,"71":0,"72":0,"73":0,"74":0,"75":0,"76":0,"77":0,"78":0,"79":0,"80":0,"81":0,"82":0,"83":0,"84":1,"85":0,"86":0,"87":0,"88":0,"89":0,"90":0,"91":0,"92":0,"93":0,"94":0,"95":0,"96":0,"97":0,"98":0,"99":0,"100":0,"101":0,"102":0,"103":0,"104":0,"105":0,"106":0,"107":0,"108":0,"109":0,"110":1,"111":0,"112":0,"113":0,"114":0,"115":0,"116":1,"117":0,"118":1,"119":0,"120":0,"121":0,"122":0,"123":0,"124":0,"125":0,"126":1,"127":0,"128":0,"129":0,"130":0,"131":0,"132":0,"133":0,"134":0,"135":0,"136":0,"137":0,"138":0,"139":0,"140":0,"141":0,"142":0,"143":0,"144":0,"145":0,"146":0,"147":0,"148":0,"149":0,"150":0,"151":0},"b":{"1":[0,0],"2":[0,0,0,0],"3":[0,0],"4":[0,0],"5":[0,0],"6":[0,0],"7":[0,0],"8":[0,0],"9":[0,0],"10":[0,0],"11":[0,0],"12":[0,0],"13":[0,0],"14":[0,0],"15":[0,0],"16":[0,0,0,0,0,0,0,0],"17":[0,0],"18":[0,0],"19":[0,0],"20":[0,0],"21":[0,0],"22":[0,0],"23":[0,0],"24":[0,0],"25":[0,0],"26":[0,0]},"f":{"1":0,"2":0,"3":0,"4":0,"5":0,"6":0,"7":0,"8":0,"9":0,"10":0,"11":0,"12":0,"13":0,"14":0,"15":0,"16":0,"17":0,"18":0,"19":0,"20":0,"21":0,"22":0,"23":0,"24":0},"fnMap":{"1":{"name":"dummy","line":6,"loc":{"start":{"line":6,"column":0},"end":{"line":6,"column":18}}},"2":{"name":"(anonymous_2)","line":7,"loc":{"start":{"line":7,"column":17},"end":{"line":7,"column":36}}},"3":{"name":"getHost","line":52,"loc":{"start":{"line":52,"column":2},"end":{"line":52,"column":27}}},"4":{"name":"groupRecipients","line":57,"loc":{"start":{"line":57,"column":2},"end":{"line":57,"column":40}}},"5":{"name":"connectMx","line":71,"loc":{"start":{"line":71,"column":2},"end":{"line":71,"column":40}}},"6":{"name":"(anonymous_6)","line":73,"loc":{"start":{"line":73,"column":28},"end":{"line":73,"column":49}}},"7":{"name":"(anonymous_7)","line":78,"loc":{"start":{"line":78,"column":18},"end":{"line":78,"column":34}}},"8":{"name":"tryConnect","line":85,"loc":{"start":{"line":85,"column":8},"end":{"line":85,"column":32}}},"9":{"name":"(anonymous_9)","line":90,"loc":{"start":{"line":90,"column":27},"end":{"line":90,"column":42}}},"10":{"name":"(anonymous_10)","line":95,"loc":{"start":{"line":95,"column":29},"end":{"line":95,"column":41}}},"11":{"name":"(anonymous_11)","line":107,"loc":{"start":{"line":107,"column":23},"end":{"line":107,"column":38}}},"12":{"name":"(anonymous_12)","line":111,"loc":{"start":{"line":111,"column":25},"end":{"line":111,"column":37}}},"13":{"name":"sendToSMTP","line":119,"loc":{"start":{"line":119,"column":2},"end":{"line":119,"column":68}}},"14":{"name":"(anonymous_14)","line":120,"loc":{"start":{"line":120,"column":53},"end":{"line":120,"column":65}}},"15":{"name":"(anonymous_15)","line":121,"loc":{"start":{"line":121,"column":22},"end":{"line":121,"column":43}}},"16":{"name":"w","line":127,"loc":{"start":{"line":127,"column":6},"end":{"line":127,"column":21}}},"17":{"name":"(anonymous_17)","line":134,"loc":{"start":{"line":134,"column":22},"end":{"line":134,"column":39}}},"18":{"name":"(anonymous_18)","line":143,"loc":{"start":{"line":143,"column":23},"end":{"line":143,"column":38}}},"19":{"name":"response","line":172,"loc":{"start":{"line":172,"column":6},"end":{"line":172,"column":36}}},"20":{"name":"onLine","line":221,"loc":{"start":{"line":221,"column":6},"end":{"line":221,"column":29}}},"21":{"name":"getAddress","line":236,"loc":{"start":{"line":236,"column":2},"end":{"line":236,"column":32}}},"22":{"name":"getAddresses","line":240,"loc":{"start":{"line":240,"column":2},"end":{"line":240,"column":36}}},"23":{"name":"sendmail","line":279,"loc":{"start":{"line":279,"column":2},"end":{"line":279,"column":37}}},"24":{"name":"(anonymous_24)","line":301,"loc":{"start":{"line":301,"column":17},"end":{"line":301,"column":41}}}},"statementMap":{"1":{"start":{"line":1,"column":0},"end":{"line":1,"column":24}},"2":{"start":{"line":2,"column":0},"end":{"line":2,"column":24}},"3":{"start":{"line":3,"column":0},"end":{"line":3,"column":46}},"4":{"start":{"line":4,"column":0},"end":{"line":4,"column":17}},"5":{"start":{"line":6,"column":0},"end":{"line":6,"column":20}},"6":{"start":{"line":7,"column":0},"end":{"line":342,"column":1}},"7":{"start":{"line":8,"column":2},"end":{"line":8,"column":25}},"8":{"start":{"line":9,"column":2},"end":{"line":19,"column":4}},"9":{"start":{"line":20,"column":2},"end":{"line":20,"column":54}},"10":{"start":{"line":21,"column":2},"end":{"line":21,"column":66}},"11":{"start":{"line":22,"column":2},"end":{"line":22,"column":37}},"12":{"start":{"line":52,"column":2},"end":{"line":55,"column":3}},"13":{"start":{"line":53,"column":4},"end":{"line":53,"column":45}},"14":{"start":{"line":54,"column":4},"end":{"line":54,"column":20}},"15":{"start":{"line":57,"column":2},"end":{"line":66,"column":3}},"16":{"start":{"line":58,"column":4},"end":{"line":58,"column":19}},"17":{"start":{"line":59,"column":4},"end":{"line":59,"column":12}},"18":{"start":{"line":60,"column":4},"end":{"line":60,"column":13}},"19":{"start":{"line":61,"column":4},"end":{"line":64,"column":5}},"20":{"start":{"line":62,"column":6},"end":{"line":62,"column":36}},"21":{"start":{"line":63,"column":6},"end":{"line":63,"column":63}},"22":{"start":{"line":65,"column":4},"end":{"line":65,"column":17}},"23":{"start":{"line":71,"column":2},"end":{"line":117,"column":3}},"24":{"start":{"line":72,"column":4},"end":{"line":116,"column":5}},"25":{"start":{"line":73,"column":6},"end":{"line":103,"column":8}},"26":{"start":{"line":74,"column":8},"end":{"line":76,"column":9}},"27":{"start":{"line":75,"column":10},"end":{"line":75,"column":30}},"28":{"start":{"line":78,"column":8},"end":{"line":78,"column":69}},"29":{"start":{"line":78,"column":36},"end":{"line":78,"column":67}},"30":{"start":{"line":79,"column":8},"end":{"line":79,"column":43}},"31":{"start":{"line":81,"column":8},"end":{"line":83,"column":9}},"32":{"start":{"line":82,"column":10},"end":{"line":82,"column":78}},"33":{"start":{"line":85,"column":8},"end":{"line":100,"column":9}},"34":{"start":{"line":86,"column":10},"end":{"line":86,"column":96}},"35":{"start":{"line":86,"column":32},"end":{"line":86,"column":96}},"36":{"start":{"line":88,"column":10},"end":{"line":88,"column":63}},"37":{"start":{"line":90,"column":10},"end":{"line":93,"column":12}},"38":{"start":{"line":91,"column":12},"end":{"line":91,"column":66}},"39":{"start":{"line":92,"column":12},"end":{"line":92,"column":27}},"40":{"start":{"line":95,"column":10},"end":{"line":99,"column":12}},"41":{"start":{"line":96,"column":12},"end":{"line":96,"column":69}},"42":{"start":{"line":97,"column":12},"end":{"line":97,"column":44}},"43":{"start":{"line":98,"column":12},"end":{"line":98,"column":32}},"44":{"start":{"line":102,"column":8},"end":{"line":102,"column":21}},"45":{"start":{"line":105,"column":6},"end":{"line":105,"column":46}},"46":{"start":{"line":107,"column":6},"end":{"line":109,"column":8}},"47":{"start":{"line":108,"column":8},"end":{"line":108,"column":103}},"48":{"start":{"line":111,"column":6},"end":{"line":115,"column":8}},"49":{"start":{"line":112,"column":8},"end":{"line":112,"column":81}},"50":{"start":{"line":113,"column":8},"end":{"line":113,"column":40}},"51":{"start":{"line":114,"column":8},"end":{"line":114,"column":28}},"52":{"start":{"line":119,"column":2},"end":{"line":234,"column":3}},"53":{"start":{"line":120,"column":4},"end":{"line":120,"column":67}},"54":{"start":{"line":121,"column":4},"end":{"line":233,"column":6}},"55":{"start":{"line":122,"column":6},"end":{"line":125,"column":7}},"56":{"start":{"line":123,"column":8},"end":{"line":123,"column":53}},"57":{"start":{"line":124,"column":8},"end":{"line":124,"column":28}},"58":{"start":{"line":127,"column":6},"end":{"line":130,"column":7}},"59":{"start":{"line":128,"column":8},"end":{"line":128,"column":48}},"60":{"start":{"line":129,"column":8},"end":{"line":129,"column":28}},"61":{"start":{"line":132,"column":6},"end":{"line":132,"column":30}},"62":{"start":{"line":134,"column":6},"end":{"line":141,"column":8}},"63":{"start":{"line":135,"column":8},"end":{"line":135,"column":21}},"64":{"start":{"line":136,"column":8},"end":{"line":136,"column":32}},"65":{"start":{"line":137,"column":8},"end":{"line":139,"column":9}},"66":{"start":{"line":138,"column":10},"end":{"line":138,"column":26}},"67":{"start":{"line":140,"column":8},"end":{"line":140,"column":38}},"68":{"start":{"line":143,"column":6},"end":{"line":146,"column":8}},"69":{"start":{"line":144,"column":8},"end":{"line":144,"column":49}},"70":{"start":{"line":145,"column":8},"end":{"line":145,"column":21}},"71":{"start":{"line":148,"column":6},"end":{"line":148,"column":19}},"72":{"start":{"line":149,"column":6},"end":{"line":149,"column":18}},"73":{"start":{"line":150,"column":6},"end":{"line":150,"column":23}},"74":{"start":{"line":151,"column":6},"end":{"line":151,"column":20}},"75":{"start":{"line":152,"column":6},"end":{"line":152,"column":20}},"76":{"start":{"line":153,"column":6},"end":{"line":153,"column":15}},"77":{"start":{"line":154,"column":6},"end":{"line":154,"column":13}},"78":{"start":{"line":164,"column":6},"end":{"line":164,"column":44}},"79":{"start":{"line":165,"column":6},"end":{"line":167,"column":7}},"80":{"start":{"line":166,"column":8},"end":{"line":166,"column":53}},"81":{"start":{"line":168,"column":6},"end":{"line":168,"column":24}},"82":{"start":{"line":169,"column":6},"end":{"line":169,"column":24}},"83":{"start":{"line":170,"column":6},"end":{"line":170,"column":20}},"84":{"start":{"line":172,"column":6},"end":{"line":217,"column":7}},"85":{"start":{"line":173,"column":8},"end":{"line":216,"column":9}},"86":{"start":{"line":177,"column":12},"end":{"line":182,"column":13}},"87":{"start":{"line":179,"column":14},"end":{"line":179,"column":26}},"88":{"start":{"line":181,"column":14},"end":{"line":181,"column":26}},"89":{"start":{"line":183,"column":12},"end":{"line":183,"column":34}},"90":{"start":{"line":184,"column":12},"end":{"line":184,"column":17}},"91":{"start":{"line":190,"column":12},"end":{"line":193,"column":13}},"92":{"start":{"line":191,"column":14},"end":{"line":191,"column":43}},"93":{"start":{"line":192,"column":14},"end":{"line":192,"column":33}},"94":{"start":{"line":194,"column":12},"end":{"line":194,"column":26}},"95":{"start":{"line":195,"column":12},"end":{"line":195,"column":18}},"96":{"start":{"line":196,"column":12},"end":{"line":196,"column":17}},"97":{"start":{"line":199,"column":12},"end":{"line":199,"column":45}},"98":{"start":{"line":200,"column":12},"end":{"line":200,"column":19}},"99":{"start":{"line":201,"column":12},"end":{"line":201,"column":17}},"100":{"start":{"line":202,"column":12},"end":{"line":202,"column":18}},"101":{"start":{"line":203,"column":12},"end":{"line":203,"column":17}},"102":{"start":{"line":206,"column":12},"end":{"line":206,"column":31}},"103":{"start":{"line":207,"column":12},"end":{"line":207,"column":23}},"104":{"start":{"line":208,"column":12},"end":{"line":208,"column":17}},"105":{"start":{"line":211,"column":12},"end":{"line":215,"column":13}},"106":{"start":{"line":212,"column":14},"end":{"line":212,"column":59}},"107":{"start":{"line":213,"column":14},"end":{"line":213,"column":70}},"108":{"start":{"line":214,"column":14},"end":{"line":214,"column":24}},"109":{"start":{"line":219,"column":6},"end":{"line":219,"column":18}},"110":{"start":{"line":221,"column":6},"end":{"line":232,"column":7}},"111":{"start":{"line":222,"column":8},"end":{"line":222,"column":51}},"112":{"start":{"line":224,"column":8},"end":{"line":224,"column":28}},"113":{"start":{"line":226,"column":8},"end":{"line":231,"column":9}},"114":{"start":{"line":229,"column":10},"end":{"line":229,"column":39}},"115":{"start":{"line":230,"column":10},"end":{"line":230,"column":18}},"116":{"start":{"line":236,"column":2},"end":{"line":238,"column":3}},"117":{"start":{"line":237,"column":4},"end":{"line":237,"column":66}},"118":{"start":{"line":240,"column":2},"end":{"line":250,"column":3}},"119":{"start":{"line":241,"column":4},"end":{"line":241,"column":9}},"120":{"start":{"line":242,"column":4},"end":{"line":242,"column":20}},"121":{"start":{"line":243,"column":4},"end":{"line":245,"column":5}},"122":{"start":{"line":244,"column":6},"end":{"line":244,"column":38}},"123":{"start":{"line":246,"column":4},"end":{"line":248,"column":5}},"124":{"start":{"line":247,"column":6},"end":{"line":247,"column":44}},"125":{"start":{"line":249,"column":4},"end":{"line":249,"column":18}},"126":{"start":{"line":279,"column":2},"end":{"line":340,"column":3}},"127":{"start":{"line":280,"column":4},"end":{"line":280,"column":23}},"128":{"start":{"line":281,"column":4},"end":{"line":281,"column":14}},"129":{"start":{"line":282,"column":4},"end":{"line":282,"column":15}},"130":{"start":{"line":283,"column":4},"end":{"line":285,"column":5}},"131":{"start":{"line":284,"column":6},"end":{"line":284,"column":59}},"132":{"start":{"line":287,"column":4},"end":{"line":289,"column":5}},"133":{"start":{"line":288,"column":6},"end":{"line":288,"column":59}},"134":{"start":{"line":291,"column":4},"end":{"line":293,"column":5}},"135":{"start":{"line":292,"column":6},"end":{"line":292,"column":60}},"136":{"start":{"line":295,"column":4},"end":{"line":295,"column":40}},"137":{"start":{"line":297,"column":4},"end":{"line":297,"column":36}},"138":{"start":{"line":298,"column":4},"end":{"line":298,"column":27}},"139":{"start":{"line":299,"column":4},"end":{"line":299,"column":46}},"140":{"start":{"line":300,"column":4},"end":{"line":300,"column":35}},"141":{"start":{"line":301,"column":4},"end":{"line":318,"column":6}},"142":{"start":{"line":302,"column":6},"end":{"line":306,"column":7}},"143":{"start":{"line":303,"column":8},"end":{"line":303,"column":57}},"144":{"start":{"line":304,"column":8},"end":{"line":304,"column":27}},"145":{"start":{"line":305,"column":8},"end":{"line":305,"column":14}},"146":{"start":{"line":307,"column":6},"end":{"line":314,"column":7}},"147":{"start":{"line":308,"column":8},"end":{"line":312,"column":10}},"148":{"start":{"line":313,"column":8},"end":{"line":313,"column":46}},"149":{"start":{"line":315,"column":6},"end":{"line":317,"column":7}},"150":{"start":{"line":316,"column":8},"end":{"line":316,"column":76}},"151":{"start":{"line":341,"column":2},"end":{"line":341,"column":17}}},"branchMap":{"1":{"line":8,"type":"binary-expr","locations":[{"start":{"line":8,"column":12},"end":{"line":8,"column":19}},{"start":{"line":8,"column":23},"end":{"line":8,"column":25}}]},"2":{"line":9,"type":"binary-expr","locations":[{"start":{"line":9,"column":15},"end":{"line":9,"column":29}},{"start":{"line":9,"column":34},"end":{"line":9,"column":48}},{"start":{"line":9,"column":52},"end":{"line":14,"column":3}},{"start":{"line":14,"column":7},"end":{"line":19,"column":3}}]},"3":{"line":20,"type":"binary-expr","locations":[{"start":{"line":20,"column":24},"end":{"line":20,"column":36}},{"start":{"line":20,"column":40},"end":{"line":20,"column":42}}]},"4":{"line":21,"type":"binary-expr","locations":[{"start":{"line":21,"column":24},"end":{"line":21,"column":56}},{"start":{"line":21,"column":60},"end":{"line":21,"column":66}}]},"5":{"line":21,"type":"binary-expr","locations":[{"start":{"line":21,"column":25},"end":{"line":21,"column":37}},{"start":{"line":21,"column":41},"end":{"line":21,"column":43}}]},"6":{"line":22,"type":"binary-expr","locations":[{"start":{"line":22,"column":16},"end":{"line":22,"column":31}},{"start":{"line":22,"column":35},"end":{"line":22,"column":37}}]},"7":{"line":54,"type":"binary-expr","locations":[{"start":{"line":54,"column":11},"end":{"line":54,"column":12}},{"start":{"line":54,"column":16},"end":{"line":54,"column":20}}]},"8":{"line":63,"type":"binary-expr","locations":[{"start":{"line":63,"column":7},"end":{"line":63,"column":19}},{"start":{"line":63,"column":24},"end":{"line":63,"column":41}}]},"9":{"line":72,"type":"if","locations":[{"start":{"line":72,"column":4},"end":{"line":72,"column":4}},{"start":{"line":72,"column":4},"end":{"line":72,"column":4}}]},"10":{"line":74,"type":"if","locations":[{"start":{"line":74,"column":8},"end":{"line":74,"column":8}},{"start":{"line":74,"column":8},"end":{"line":74,"column":8}}]},"11":{"line":81,"type":"if","locations":[{"start":{"line":81,"column":8},"end":{"line":81,"column":8}},{"start":{"line":81,"column":8},"end":{"line":81,"column":8}}]},"12":{"line":81,"type":"binary-expr","locations":[{"start":{"line":81,"column":12},"end":{"line":81,"column":17}},{"start":{"line":81,"column":21},"end":{"line":81,"column":38}}]},"13":{"line":86,"type":"if","locations":[{"start":{"line":86,"column":10},"end":{"line":86,"column":10}},{"start":{"line":86,"column":10},"end":{"line":86,"column":10}}]},"14":{"line":120,"type":"cond-expr","locations":[{"start":{"line":120,"column":48},"end":{"line":120,"column":50}},{"start":{"line":120,"column":53},"end":{"line":120,"column":67}}]},"15":{"line":122,"type":"if","locations":[{"start":{"line":122,"column":6},"end":{"line":122,"column":6}},{"start":{"line":122,"column":6},"end":{"line":122,"column":6}}]},"16":{"line":173,"type":"switch","locations":[{"start":{"line":174,"column":10},"end":{"line":184,"column":17}},{"start":{"line":186,"column":10},"end":{"line":186,"column":19}},{"start":{"line":187,"column":10},"end":{"line":187,"column":19}},{"start":{"line":188,"column":10},"end":{"line":188,"column":19}},{"start":{"line":189,"column":10},"end":{"line":196,"column":17}},{"start":{"line":198,"column":10},"end":{"line":203,"column":17}},{"start":{"line":205,"column":10},"end":{"line":208,"column":17}},{"start":{"line":210,"column":10},"end":{"line":215,"column":13}}]},"17":{"line":177,"type":"if","locations":[{"start":{"line":177,"column":12},"end":{"line":177,"column":12}},{"start":{"line":177,"column":12},"end":{"line":177,"column":12}}]},"18":{"line":190,"type":"if","locations":[{"start":{"line":190,"column":12},"end":{"line":190,"column":12}},{"start":{"line":190,"column":12},"end":{"line":190,"column":12}}]},"19":{"line":211,"type":"if","locations":[{"start":{"line":211,"column":12},"end":{"line":211,"column":12}},{"start":{"line":211,"column":12},"end":{"line":211,"column":12}}]},"20":{"line":226,"type":"if","locations":[{"start":{"line":226,"column":8},"end":{"line":226,"column":8}},{"start":{"line":226,"column":8},"end":{"line":226,"column":8}}]},"21":{"line":243,"type":"if","locations":[{"start":{"line":243,"column":4},"end":{"line":243,"column":4}},{"start":{"line":243,"column":4},"end":{"line":243,"column":4}}]},"22":{"line":283,"type":"if","locations":[{"start":{"line":283,"column":4},"end":{"line":283,"column":4}},{"start":{"line":283,"column":4},"end":{"line":283,"column":4}}]},"23":{"line":287,"type":"if","locations":[{"start":{"line":287,"column":4},"end":{"line":287,"column":4}},{"start":{"line":287,"column":4},"end":{"line":287,"column":4}}]},"24":{"line":291,"type":"if","locations":[{"start":{"line":291,"column":4},"end":{"line":291,"column":4}},{"start":{"line":291,"column":4},"end":{"line":291,"column":4}}]},"25":{"line":302,"type":"if","locations":[{"start":{"line":302,"column":6},"end":{"line":302,"column":6}},{"start":{"line":302,"column":6},"end":{"line":302,"column":6}}]},"26":{"line":307,"type":"if","locations":[{"start":{"line":307,"column":6},"end":{"line":307,"column":6}},{"start":{"line":307,"column":6},"end":{"line":307,"column":6}}]}},"code":["var tcp = require('net')","var dns = require('dns')","var DKIMSign = require('dkim-signer').DKIMSign","var CRLF = '\\r\\n'","","function dummy () {}","module.exports = function (options) {","  options = options || {}","  var logger = options.logger || (options.silent && {","    debug: dummy,","    info: dummy,","    warn: dummy,","    error: dummy","  } || {","    debug: console.log,","    info: console.info,","    warn: console.warn,","    error: console.error","  })","  var dkimPrivateKey = (options.dkim || {}).privateKey","  var dkimKeySelector = (options.dkim || {}).keySelector || 'dkim'","  var devPort = options.devPort || -1","","  /*","   *   邮件服务返回代码含义 Mail service return code Meaning","   *   500   格式错误，命令不可识别（此错误也包括命令行过长）format error, command unrecognized (This error also includes command line too long)","   *   501   参数格式错误 parameter format error","   *   502   命令不可实现 command can not be achieved","   *   503   错误的命令序列 Bad sequence of commands","   *   504   命令参数不可实现 command parameter can not be achieved","   *   211   系统状态或系统帮助响应 System status, or system help response","   *   214   帮助信息 help","   *   220   服务就绪 Services Ready","   *   221   服务关闭传输信道 Service closing transmission channel","   *   421   服务未就绪，关闭传输信道（当必须关闭时，此应答可以作为对任何命令的响应）service is not ready to close the transmission channel (when it is necessary to close, this response may be in response to any command)","   *   250   要求的邮件操作完成 requested mail action completed","   *   251   用户非本地，将转发向 non-local users will be forwarded to","   *   450   要求的邮件操作未完成，邮箱不可用（例如，邮箱忙）Mail the required operation 450 unfinished, mailbox unavailable (for example, mailbox busy)","   *   550   要求的邮件操作未完成，邮箱不可用（例如，邮箱未找到，或不可访问）Mail action not completed the required 550 mailbox unavailable (eg, mailbox not found, no access)","   *   451   放弃要求的操作；处理过程中出错 waiver operation; processing error","   *   551   用户非本地，请尝试 non-local user, please try","   *   452   系统存储不足，要求的操作未执行 Less than 452 storage system, requiring action not taken","   *   552   过量的存储分配，要求的操作未执行 excess storage allocation requires action not taken","   *   553   邮箱名不可用，要求的操作未执行（例如邮箱格式错误） mailbox name is not available, that the requested operation is not performed (for example, mailbox format error)","   *   354   开始邮件输入，以.结束 Start Mail input to. End","   *   554   操作失败  The operation failed","   *   535   用户验证失败 User authentication failed","   *   235   用户验证成功 user authentication is successful","   *   334   等待用户输入验证信息 waits for the user to enter authentication information","   */","","  function getHost (email) {","    var m = /[^@]+@([\\w\\d\\-\\.]+)/.exec(email)","    return m && m[1]","  }","","  function groupRecipients (recipients) {","    var groups = {}","    var host","    var i = 0","    for (; i < recipients.length; i++) {","      host = getHost(recipients[i]);","      (groups[host] || (groups[host] = [])).push(recipients[i])","    }","    return groups","  }","","  /**","   * connect to domain by Mx record","   */","  function connectMx (domain, callback) {","    if (devPort === -1) { // not in development mode -> search the MX","      dns.resolveMx(domain, function (err, data) {","        if (err) {","          return callback(err)","        }","","        data.sort(function (a, b) { return a.priority < b.priority })","        logger.debug('mx resolved: ', data)","","        if (!data || data.length === 0) {","          return callback(new Error('can not resolve Mx of <' + domain + '>'))","        }","","        function tryConnect (i) {","          if (i >= data.length) return callback(new Error('can not connect to any SMTP server'))","","          var sock = tcp.createConnection(25, data[i].exchange)","","          sock.on('error', function (err) {","            logger.error('Error on connectMx for: ', data[i], err)","            tryConnect(++i)","          })","","          sock.on('connect', function () {","            logger.debug('MX connection created: ', data[i].exchange)","            sock.removeAllListeners('error')","            callback(null, sock)","          })","        };","","        tryConnect(0)","      })","    } else { // development mode -> connect to the specified devPort on localhost","      var sock = tcp.createConnection(devPort)","","      sock.on('error', function (err) {","        callback(new Error('Error on connectMx (development) for \"localhost:' + devPort + '\": ' + err))","      })","","      sock.on('connect', function () {","        logger.debug('MX (development) connection created: localhost:' + devPort)","        sock.removeAllListeners('error')","        callback(null, sock)","      })","    }","  }","","  function sendToSMTP (domain, srcHost, from, recipients, body, cb) {","    var callback = (typeof cb === 'function') ? cb : function () {}","    connectMx(domain, function (err, sock) {","      if (err) {","        logger.error('error on connectMx', err.stack)","        return callback(err)","      }","","      function w (s) {","        logger.debug('send ' + domain + '>' + s)","        sock.write(s + CRLF)","      }","","      sock.setEncoding('utf8')","","      sock.on('data', function (chunk) {","        data += chunk","        parts = data.split(CRLF)","        for (var i = 0, len = parts.length - 1; i < len; i++) {","          onLine(parts[i])","        }","        data = parts[parts.length - 1]","      })","","      sock.on('error', function (err) {","        logger.error('fail to connect ' + domain)","        callback(err)","      })","","      var data = ''","      var step = 0","      var loginStep = 0","      var queue = []","      var login = []","      var parts","      var cmd","","        /*","         if(mail.user && mail.pass){","           queue.push('AUTH LOGIN');","           login.push(new Buffer(mail.user).toString(\"base64\"));","           login.push(new Buffer(mail.pass).toString(\"base64\"));","         }","         */","","      queue.push('MAIL FROM:<' + from + '>')","      for (var i = 0; i < recipients.length; i++) {","        queue.push('RCPT TO:<' + recipients[i] + '>')","      }","      queue.push('DATA')","      queue.push('QUIT')","      queue.push('')","","      function response (code, msg) {","        switch (code) {","          case 220:","            //*   220   on server ready","            //*   220   服务就绪","            if (/\\besmtp\\b/i.test(msg)) {","              // TODO:  determin AUTH type; auth login, auth crm-md5, auth plain","              cmd = 'EHLO'","            } else {","              cmd = 'HELO'","            }","            w(cmd + ' ' + srcHost)","            break","","          case 221: // bye","          case 235: // verify ok","          case 250: // operation OK","          case 251: // foward","            if (step === queue.length - 1) {","              logger.info('OK:', code, msg)","              callback(null, msg)","            }","            w(queue[step])","            step++","            break","","          case 354: // start input end with . (dot)","            logger.info('sending mail', body)","            w(body)","            w('')","            w('.')","            break","","          case 334: // input login","            w(login[loginStep])","            loginStep++","            break","","          default:","            if (code >= 400) {","              logger.warn('SMTP responds error code', code)","              callback(new Error('SMTP code:' + code + ' msg:' + msg))","              sock.end()","            }","        }","      }","","      var msg = ''","","      function onLine (line) {","        logger.debug('recv ' + domain + '>' + line)","","        msg += (line + CRLF)","","        if (line[3] === ' ') {","            // 250-information dash is not complete.","            // 250 OK. space is complete.","          response(parseInt(line), msg)","          msg = ''","        }","      }","    })","  }","","  function getAddress (address) {","    return address.replace(/^.+</, '').replace(/>\\s*$/, '').trim()","  }","","  function getAddresses (addresses) {","    var i","    var results = []","    if (!Array.isArray(addresses)) {","      addresses = addresses.split(',')","    }","    for (i = 0; i < addresses.length; i++) {","      results.push(getAddress(addresses[i]))","    }","    return results","  }","","  /**","   * sendmail directly","   *","   * @param mail {object}","   *             from","   *             to","   *             cc","   *             bcc","   *             replyTo      TODO","   *             returnTo     TODO","   *             subject","   *             type         default 'text/plain', 'text/html'","   *             charset      default 'utf-8'","   *             encoding     default 'base64'","   *             id           default timestamp+from","   *             headers      object","   *             content","   *             attachments  TODO","   *               [{","   *                 type","   *                 filename","   *                 content","   *               }].","   *","   * @param callback function(err, domain).","   *","   */","  function sendmail (mail, callback) {","    var recipients = []","    var groups","    var srcHost","    if (mail.to) {","      recipients = recipients.concat(getAddresses(mail.to))","    }","","    if (mail.cc) {","      recipients = recipients.concat(getAddresses(mail.cc))","    }","","    if (mail.bcc) {","      recipients = recipients.concat(getAddresses(mail.bcc))","    }","","    groups = groupRecipients(recipients)","","    var from = getAddress(mail.from)","    srcHost = getHost(from)","    var mailcomposer = require('mailcomposer')","    var mailMe = mailcomposer(mail)","    mailMe.build(function (err, message) {","      if (err) {","        logger.error('Error on creating message : ', err)","        callback(err, null)","        return","      }","      if (dkimPrivateKey) {","        var signature = DKIMSign(message, {","          privateKey: dkimPrivateKey,","          keySelector: dkimKeySelector,","          domainName: srcHost","        })","        message = signature + '\\r\\n' + message","      }","      for (var domain in groups) {","        sendToSMTP(domain, srcHost, from, groups[domain], message, callback)","      }","    })","    // COMMENTED OUT BY GP BECAUSE I SAW NO USE FOR IT","    // var domainsCount = Object.keys(groups).length","    // var doneCount","    // var errs = []","    // function domainDone(domain) {","    //   return function(err) {","    //     if (err) {","    //       errs.push(err)","    //     }","    //     if(doneCount == domainsCount) {","    //       if (errs.length == 0) {","    //         err = null","    //       } else if(errs.length == 1) {","    //         err = errs[0]","    //       } else {","    //         err = new Error(errs.map(function(e) {return e.message}).join('\\n'))","    //       }","    //       callback(message && new Error(message) || null)","    //     }","    //   }","    // }","  }","  return sendmail","}",""],"l":{"1":1,"2":1,"3":1,"4":1,"6":1,"7":1,"8":0,"9":0,"20":0,"21":0,"22":0,"52":1,"53":0,"54":0,"57":1,"58":0,"59":0,"60":0,"61":0,"62":0,"63":0,"65":0,"71":1,"72":0,"73":0,"74":0,"75":0,"78":0,"79":0,"81":0,"82":0,"85":1,"86":0,"88":0,"90":0,"91":0,"92":0,"95":0,"96":0,"97":0,"98":0,"102":0,"105":0,"107":0,"108":0,"111":0,"112":0,"113":0,"114":0,"119":1,"120":0,"121":0,"122":0,"123":0,"124":0,"127":1,"128":0,"129":0,"132":0,"134":0,"135":0,"136":0,"137":0,"138":0,"140":0,"143":0,"144":0,"145":0,"148":0,"149":0,"150":0,"151":0,"152":0,"153":0,"154":0,"164":0,"165":0,"166":0,"168":0,"169":0,"170":0,"172":1,"173":0,"177":0,"179":0,"181":0,"183":0,"184":0,"190":0,"191":0,"192":0,"194":0,"195":0,"196":0,"199":0,"200":0,"201":0,"202":0,"203":0,"206":0,"207":0,"208":0,"211":0,"212":0,"213":0,"214":0,"219":0,"221":1,"222":0,"224":0,"226":0,"229":0,"230":0,"236":1,"237":0,"240":1,"241":0,"242":0,"243":0,"244":0,"246":0,"247":0,"249":0,"279":1,"280":0,"281":0,"282":0,"283":0,"284":0,"287":0,"288":0,"291":0,"292":0,"295":0,"297":0,"298":0,"299":0,"300":0,"301":0,"302":0,"303":0,"304":0,"305":0,"307":0,"308":0,"313":0,"315":0,"316":0,"341":0}}}